[02/01/2016 09:40:41 am]
http://ubuntu14/pa/login?action=submitLogin
$_POST['username'] => anthony.poon
$_POST['password'] => password

[02/01/2016 11:58:12 am]
http://ubuntu14/pa/login?action=submitLogin
$_POST['username'] => anthony.poon
$_POST['password'] => password

[02/01/2016 02:09:01 pm]
http://ubuntu14/pa/login?action=submitLogin
$_POST['username'] => anthony.poon
$_POST['password'] => password

[02/01/2016 02:11:04 pm]
http://ubuntu14/pa/admin?action=uploadFile&to=anthony.poon
$_POST['to'] => anthony.poon
$_POST['category'] => Probation Appraisal

[02/01/2016 02:11:43 pm]
http://ubuntu14/pa/admin?action=uploadFile&to=anthony.poon
$_POST['to'] => anthony.poon
$_POST['category'] => Probation Appraisal

[02/01/2016 02:11:54 pm]
http://ubuntu14/pa/admin?action=uploadFile&to=anthony.poon
$_POST['to'] => anthony.poon
$_POST['category'] => Probation Appraisal

[02/01/2016 02:12:18 pm]
http://ubuntu14/pa/admin?action=uploadFile&to=anthony.poon
$_POST['to'] => anthony.poon
$_POST['category'] => Probation Appraisal

[02/01/2016 02:14:57 pm]
http://ubuntu14/pa/admin?action=uploadFile&to=anthony.poon
$_POST['to'] => anthony.poon
$_POST['category'] => Probation Appraisal

[02/01/2016 02:15:09 pm]
http://ubuntu14/pa/login?action=submitLogin
$_POST['username'] => anthony.poon
$_POST['password'] => password

[02/01/2016 02:15:29 pm]
http://ubuntu14/pa/admin?action=uploadFile&to=anthony.poon
$_POST['to'] => anthony.poon
$_POST['category'] => Probation Appraisal

[02/01/2016 02:16:43 pm]
http://ubuntu14/pa/admin?action=uploadFile&to=anthony.poon
$_POST['to'] => anthony.poon
$_POST['category'] => Probation Appraisal

[02/01/2016 02:17:35 pm]
http://ubuntu14/pa/admin?action=uploadFile&to=anthony.poon
$_POST['to'] => anthony.poon
$_POST['category'] => Probation Appraisal

[02/01/2016 02:17:47 pm]
http://ubuntu14/pa/admin?action=uploadFile&to=anthony.poon
$_POST['to'] => anthony.poon
$_POST['category'] => Probation Appraisal

[02/01/2016 02:20:14 pm]
http://ubuntu14/pa/admin?action=uploadFile&to=anthony.poon
$_POST['to'] => anthony.poon
$_POST['category'] => Probation Appraisal

[02/01/2016 02:20:34 pm]
http://ubuntu14/pa/admin?action=uploadFile&to=anthony.poon
$_POST['to'] => anthony.poon
$_POST['category'] => Probation Appraisal

[02/01/2016 02:21:08 pm]
http://ubuntu14/pa/admin?action=uploadFile&to=anthony.poon
$_POST['to'] => anthony.poon
$_POST['category'] => Probation Appraisal

[02/01/2016 02:21:19 pm]
http://ubuntu14/pa/admin?action=uploadFile&to=anthony.poon
$_POST['to'] => anthony.poon
$_POST['category'] => Probation Appraisal

[02/01/2016 02:21:35 pm]
http://ubuntu14/pa/admin?action=uploadFile&to=anthony.poon
$_POST['to'] => anthony.poon
$_POST['category'] => Probation Appraisal

[02/01/2016 02:21:45 pm]
http://ubuntu14/pa/admin?action=uploadFile&to=anthony.poon
$_POST['to'] => anthony.poon
$_POST['category'] => Probation Appraisal

[02/01/2016 02:22:00 pm]
http://ubuntu14/pa/admin?action=uploadFile&to=takehiko.yamazaki
$_POST['to'] => takehiko.yamazaki
$_POST['category'] => Probation Appraisal

[02/01/2016 02:22:33 pm]
http://ubuntu14/pa/admin?action=uploadFile&to=cai.tao.xiang
$_POST['to'] => cai.tao.xiang
$_POST['category'] => Probation Appraisal

[02/01/2016 02:23:39 pm]
http://ubuntu14/pa/admin?action=uploadFile&to=anthony.poon
$_POST['to'] => anthony.poon
$_POST['category'] => Probation Appraisal

[02/01/2016 02:24:57 pm]
http://ubuntu14/pa/admin?action=uploadFile&to=anthony.poon
$_POST['to'] => anthony.poon
$_POST['category'] => Probation Appraisal

[02/01/2016 02:25:22 pm]
http://ubuntu14/pa/admin?action=uploadFile&to=anthony.poon
$_POST['to'] => anthony.poon
$_POST['category'] => Probation Appraisal

[02/01/2016 05:41:08 pm]
http://ubuntu14/pa/login?action=submitLogin
$_POST['username'] => anthony.poon
$_POST['password'] => password

[02/01/2016 05:55:04 pm]
http://ubuntu14/pa/login?action=submitLogin
$_POST['username'] => anthony.poon
$_POST['password'] => password

